<?xml version="1.0" encoding="UTF-8" ?>
<testsuites id="2026-07-21" name="report_14" tests="9" failures="0" skipped="0" flaky="0" time="0.000">
	<testsuite id="0" name="PaletteSaveGrid_test" package="test/ui" timestamp="2026-07-21T18:55:53" hostname="localhost" tests="9" failures="0" errors="0" skipped="0" flaky="0" time="4.303">
		<testcase name="test_find_add_button_with_button" classname="PaletteSaveGrid_test" time="0.190">
		</testcase>
		<testcase name="test_find_add_button_without_button" classname="PaletteSaveGrid_test" time="0.176">
		</testcase>
		<testcase name="test_on_add_pressed_appends_color" classname="PaletteSaveGrid_test" time="0.297">
		</testcase>
		<testcase name="test_on_add_pressed_persists_to_file" classname="PaletteSaveGrid_test" time="0.294">
		</testcase>
		<testcase name="test_refresh_replaces_swatches" classname="PaletteSaveGrid_test" time="0.179">
		</testcase>
		<testcase name="test_refresh_creates_swatches" classname="PaletteSaveGrid_test" time="0.177">
		</testcase>
		<testcase name="test_load_colors_restores_saved" classname="PaletteSaveGrid_test" time="0.183">
		</testcase>
		<testcase name="test_load_colors_empty_file" classname="PaletteSaveGrid_test" time="0.176">
		</testcase>
		<testcase name="test_on_swatch_clicked_updates_color_rect" classname="PaletteSaveGrid_test" time="0.273">
		</testcase>
	</testsuite>
</testsuites>
