<?xml version="1.0" encoding="UTF-8" ?>
<testsuites id="2026-07-21" name="report_15" tests="11" failures="6" skipped="0" flaky="0" time="0.000">
	<testsuite id="0" name="GestorColor_test" package="test/ui" timestamp="2026-07-21T19:16:13" hostname="localhost" tests="11" failures="6" errors="0" skipped="0" flaky="0" time="5.887">
		<testcase name="test_ready_configura_slider" classname="GestorColor_test" time="0.347">
		</testcase>
		<testcase name="test_ready_conecta_senal" classname="GestorColor_test" time="0.345">
			<failure message="FAILED: res://test/ui/GestorColor_test.gd:43" type="FAILURE">
<![CDATA[
Expecting: 'true' but is 'false'
	at 'test_ready_conecta_senal' in res://test/ui/GestorColor_test.gd:43
]]>
			</failure>
		</testcase>
		<testcase name="test_brillo_50_mantiene_color_rojo" classname="GestorColor_test" time="0.330">
			<failure message="FAILED: res://test/ui/GestorColor_test.gd:55" type="FAILURE">
<![CDATA[
Expecting:
 1.000000
 but was
 0.500000
	at 'test_brillo_50_mantiene_color_rojo' in res://test/ui/GestorColor_test.gd:55
]]>
			</failure>
		</testcase>
		<testcase name="test_brillo_0_hace_negro" classname="GestorColor_test" time="0.421">
		</testcase>
		<testcase name="test_brillo_100_devuelve_color_original" classname="GestorColor_test" time="0.295">
			<failure message="FAILED: res://test/ui/GestorColor_test.gd:84" type="FAILURE">
<![CDATA[
Expecting:
 0.300000
 but was
 0.333333
	at 'test_brillo_100_devuelve_color_original' in res://test/ui/GestorColor_test.gd:84
]]>
			</failure>
			<failure message="FAILED: res://test/ui/GestorColor_test.gd:85" type="FAILURE">
<![CDATA[
Expecting:
 0.600000
 but was
 0.666667
	at 'test_brillo_100_devuelve_color_original' in res://test/ui/GestorColor_test.gd:85
]]>
			</failure>
			<failure message="FAILED: res://test/ui/GestorColor_test.gd:86" type="FAILURE">
<![CDATA[
Expecting:
 0.900000
 but was
 1.000000
	at 'test_brillo_100_devuelve_color_original' in res://test/ui/GestorColor_test.gd:86
]]>
			</failure>
		</testcase>
		<testcase name="test_brillo_no_afecta_alpha" classname="GestorColor_test" time="0.276">
		</testcase>
		<testcase name="test_brillo_75_escala_valor_hsv" classname="GestorColor_test" time="0.225">
		</testcase>
		<testcase name="test_establecer_color_cambia_color_rect" classname="GestorColor_test" time="0.101">
		</testcase>
		<testcase name="test_establecer_color_notifica_senal" classname="GestorColor_test" time="0.133">
			<failure message="FAILED: res://test/ui/GestorColor_test.gd:132" type="FAILURE">
<![CDATA[
Expecting: 'true' but is 'false'
	at 'test_establecer_color_notifica_senal' in res://test/ui/GestorColor_test.gd:132
]]>
			</failure>
		</testcase>
		<testcase name="test_obtener_color_devuelve_actual" classname="GestorColor_test" time="0.108">
		</testcase>
		<testcase name="test_obtener_color_sin_color_rect_devuelve_blanco" classname="GestorColor_test" time="0.166">
		</testcase>
	</testsuite>
</testsuites>
