<?xml version="1.0" encoding="UTF-8" ?>
<testsuites id="2026-07-21" name="report_20" tests="10" failures="0" skipped="0" flaky="0" time="0.000">
	<testsuite id="0" name="GestorColor_test" package="test/ui" timestamp="2026-07-21T19:43:14" hostname="localhost" tests="10" failures="0" errors="0" skipped="0" flaky="0" time="4.272">
		<testcase name="test_ready_configura_slider" classname="GestorColor_test" time="0.228">
		</testcase>
		<testcase name="test_brillo_50_oscurece_rojo" classname="GestorColor_test" time="0.233">
		</testcase>
		<testcase name="test_brillo_0_hace_negro" classname="GestorColor_test" time="0.336">
		</testcase>
		<testcase name="test_brillo_100_devuelve_color_original" classname="GestorColor_test" time="0.214">
		</testcase>
		<testcase name="test_brillo_no_afecta_alpha" classname="GestorColor_test" time="0.200">
		</testcase>
		<testcase name="test_brillo_75_escala_valor_hsv" classname="GestorColor_test" time="0.294">
		</testcase>
		<testcase name="test_establecer_color_cambia_color_rect" classname="GestorColor_test" time="0.160">
		</testcase>
		<testcase name="test_establecer_color_notifica_senal" classname="GestorColor_test" time="0.166">
		</testcase>
		<testcase name="test_obtener_color_devuelve_actual" classname="GestorColor_test" time="0.157">
		</testcase>
		<testcase name="test_obtener_color_sin_color_rect_devuelve_blanco" classname="GestorColor_test" time="0.153">
		</testcase>
	</testsuite>
</testsuites>
